Updated 68 files
   /Volumes/Important_Docs/42/SEA-ME_Team6_2025-26/docs/TSF/tsf_implementation/items/expectations/EXPECT-L0-1.md
   /Volumes/Important_Docs/42/SEA-ME_Team6_2025-26/docs/TSF/tsf_implementation/items/expectations/EXPECT-L0-10.md
   /Volumes/Important_Docs/42/SEA-ME_Team6_2025-26/docs/TSF/tsf_implementation/items/expectations/EXPECT-L0-11.md
   /Volumes/Important_Docs/42/SEA-ME_Team6_2025-26/docs/TSF/tsf_implementation/items/expectations/EXPECT-L0-12.md
   /Volumes/Important_Docs/42/SEA-ME_Team6_2025-26/docs/TSF/tsf_implementation/items/expectations/EXPECT-L0-13.md
   /Volumes/Important_Docs/42/SEA-ME_Team6_2025-26/docs/TSF/tsf_implementation/items/expectations/EXPECT-L0-14.md
   /Volumes/Important_Docs/42/SEA-ME_Team6_2025-26/docs/TSF/tsf_implementation/items/expectations/EXPECT-L0-15.md
   /Volumes/Important_Docs/42/SEA-ME_Team6_2025-26/docs/TSF/tsf_implementation/items/expectations/EXPECT-L0-16.md
   /Volumes/Important_Docs/42/SEA-ME_Team6_2025-26/docs/TSF/tsf_implementation/items/expectations/EXPECT-L0-17.md
   /Volumes/Important_Docs/42/SEA-ME_Team6_2025-26/docs/TSF/tsf_implementation/items/expectations/EXPECT-L0-2.md
   /Volumes/Important_Docs/42/SEA-ME_Team6_2025-26/docs/TSF/tsf_implementation/items/expectations/EXPECT-L0-3.md
   /Volumes/Important_Docs/42/SEA-ME_Team6_2025-26/docs/TSF/tsf_implementation/items/expectations/EXPECT-L0-4.md
   /Volumes/Important_Docs/42/SEA-ME_Team6_2025-26/docs/TSF/tsf_implementation/items/expectations/EXPECT-L0-5.md
   /Volumes/Important_Docs/42/SEA-ME_Team6_2025-26/docs/TSF/tsf_implementation/items/expectations/EXPECT-L0-6.md
   /Volumes/Important_Docs/42/SEA-ME_Team6_2025-26/docs/TSF/tsf_implementation/items/expectations/EXPECT-L0-7.md
   /Volumes/Important_Docs/42/SEA-ME_Team6_2025-26/docs/TSF/tsf_implementation/items/expectations/EXPECT-L0-8.md
   /Volumes/Important_Docs/42/SEA-ME_Team6_2025-26/docs/TSF/tsf_implementation/items/expectations/EXPECT-L0-9.md
   /Volumes/Important_Docs/42/SEA-ME_Team6_2025-26/docs/TSF/tsf_implementation/items/assertions/ASSERT-L0-1.md
   /Volumes/Important_Docs/42/SEA-ME_Team6_2025-26/docs/TSF/tsf_implementation/items/assertions/ASSERT-L0-10.md
   /Volumes/Important_Docs/42/SEA-ME_Team6_2025-26/docs/TSF/tsf_implementation/items/assertions/ASSERT-L0-11.md
   /Volumes/Important_Docs/42/SEA-ME_Team6_2025-26/docs/TSF/tsf_implementation/items/assertions/ASSERT-L0-12.md
   /Volumes/Important_Docs/42/SEA-ME_Team6_2025-26/docs/TSF/tsf_implementation/items/assertions/ASSERT-L0-13.md
   /Volumes/Important_Docs/42/SEA-ME_Team6_2025-26/docs/TSF/tsf_implementation/items/assertions/ASSERT-L0-14.md
   /Volumes/Important_Docs/42/SEA-ME_Team6_2025-26/docs/TSF/tsf_implementation/items/assertions/ASSERT-L0-15.md
   /Volumes/Important_Docs/42/SEA-ME_Team6_2025-26/docs/TSF/tsf_implementation/items/assertions/ASSERT-L0-16.md
   /Volumes/Important_Docs/42/SEA-ME_Team6_2025-26/docs/TSF/tsf_implementation/items/assertions/ASSERT-L0-17.md
   /Volumes/Important_Docs/42/SEA-ME_Team6_2025-26/docs/TSF/tsf_implementation/items/assertions/ASSERT-L0-2.md
   /Volumes/Important_Docs/42/SEA-ME_Team6_2025-26/docs/TSF/tsf_implementation/items/assertions/ASSERT-L0-3.md
   /Volumes/Important_Docs/42/SEA-ME_Team6_2025-26/docs/TSF/tsf_implementation/items/assertions/ASSERT-L0-4.md
   /Volumes/Important_Docs/42/SEA-ME_Team6_2025-26/docs/TSF/tsf_implementation/items/assertions/ASSERT-L0-5.md
   /Volumes/Important_Docs/42/SEA-ME_Team6_2025-26/docs/TSF/tsf_implementation/items/assertions/ASSERT-L0-6.md
   /Volumes/Important_Docs/42/SEA-ME_Team6_2025-26/docs/TSF/tsf_implementation/items/assertions/ASSERT-L0-7.md
   /Volumes/Important_Docs/42/SEA-ME_Team6_2025-26/docs/TSF/tsf_implementation/items/assertions/ASSERT-L0-8.md
   /Volumes/Important_Docs/42/SEA-ME_Team6_2025-26/docs/TSF/tsf_implementation/items/assertions/ASSERT-L0-9.md
   /Volumes/Important_Docs/42/SEA-ME_Team6_2025-26/docs/TSF/tsf_implementation/items/evidences/EVID-L0-1.md
   /Volumes/Important_Docs/42/SEA-ME_Team6_2025-26/docs/TSF/tsf_implementation/items/evidences/EVID-L0-10.md
   /Volumes/Important_Docs/42/SEA-ME_Team6_2025-26/docs/TSF/tsf_implementation/items/evidences/EVID-L0-11.md
   /Volumes/Important_Docs/42/SEA-ME_Team6_2025-26/docs/TSF/tsf_implementation/items/evidences/EVID-L0-12.md
   /Volumes/Important_Docs/42/SEA-ME_Team6_2025-26/docs/TSF/tsf_implementation/items/evidences/EVID-L0-13.md
   /Volumes/Important_Docs/42/SEA-ME_Team6_2025-26/docs/TSF/tsf_implementation/items/evidences/EVID-L0-14.md
   /Volumes/Important_Docs/42/SEA-ME_Team6_2025-26/docs/TSF/tsf_implementation/items/evidences/EVID-L0-15.md
   /Volumes/Important_Docs/42/SEA-ME_Team6_2025-26/docs/TSF/tsf_implementation/items/evidences/EVID-L0-16.md
   /Volumes/Important_Docs/42/SEA-ME_Team6_2025-26/docs/TSF/tsf_implementation/items/evidences/EVID-L0-17.md
   /Volumes/Important_Docs/42/SEA-ME_Team6_2025-26/docs/TSF/tsf_implementation/items/evidences/EVID-L0-2.md
   /Volumes/Important_Docs/42/SEA-ME_Team6_2025-26/docs/TSF/tsf_implementation/items/evidences/EVID-L0-3.md
   /Volumes/Important_Docs/42/SEA-ME_Team6_2025-26/docs/TSF/tsf_implementation/items/evidences/EVID-L0-4.md
   /Volumes/Important_Docs/42/SEA-ME_Team6_2025-26/docs/TSF/tsf_implementation/items/evidences/EVID-L0-5.md
   /Volumes/Important_Docs/42/SEA-ME_Team6_2025-26/docs/TSF/tsf_implementation/items/evidences/EVID-L0-6.md
   /Volumes/Important_Docs/42/SEA-ME_Team6_2025-26/docs/TSF/tsf_implementation/items/evidences/EVID-L0-7.md
   /Volumes/Important_Docs/42/SEA-ME_Team6_2025-26/docs/TSF/tsf_implementation/items/evidences/EVID-L0-8.md
   /Volumes/Important_Docs/42/SEA-ME_Team6_2025-26/docs/TSF/tsf_implementation/items/evidences/EVID-L0-9.md
   /Volumes/Important_Docs/42/SEA-ME_Team6_2025-26/docs/TSF/tsf_implementation/items/assumptions/ASSUMP-L0-1.md
   /Volumes/Important_Docs/42/SEA-ME_Team6_2025-26/docs/TSF/tsf_implementation/items/assumptions/ASSUMP-L0-10.md
   /Volumes/Important_Docs/42/SEA-ME_Team6_2025-26/docs/TSF/tsf_implementation/items/assumptions/ASSUMP-L0-11.md
   /Volumes/Important_Docs/42/SEA-ME_Team6_2025-26/docs/TSF/tsf_implementation/items/assumptions/ASSUMP-L0-12.md
   /Volumes/Important_Docs/42/SEA-ME_Team6_2025-26/docs/TSF/tsf_implementation/items/assumptions/ASSUMP-L0-13.md
   /Volumes/Important_Docs/42/SEA-ME_Team6_2025-26/docs/TSF/tsf_implementation/items/assumptions/ASSUMP-L0-14.md
   /Volumes/Important_Docs/42/SEA-ME_Team6_2025-26/docs/TSF/tsf_implementation/items/assumptions/ASSUMP-L0-15.md
   /Volumes/Important_Docs/42/SEA-ME_Team6_2025-26/docs/TSF/tsf_implementation/items/assumptions/ASSUMP-L0-16.md
   /Volumes/Important_Docs/42/SEA-ME_Team6_2025-26/docs/TSF/tsf_implementation/items/assumptions/ASSUMP-L0-17.md
   /Volumes/Important_Docs/42/SEA-ME_Team6_2025-26/docs/TSF/tsf_implementation/items/assumptions/ASSUMP-L0-2.md
   /Volumes/Important_Docs/42/SEA-ME_Team6_2025-26/docs/TSF/tsf_implementation/items/assumptions/ASSUMP-L0-3.md
   /Volumes/Important_Docs/42/SEA-ME_Team6_2025-26/docs/TSF/tsf_implementation/items/assumptions/ASSUMP-L0-4.md
   /Volumes/Important_Docs/42/SEA-ME_Team6_2025-26/docs/TSF/tsf_implementation/items/assumptions/ASSUMP-L0-5.md
   /Volumes/Important_Docs/42/SEA-ME_Team6_2025-26/docs/TSF/tsf_implementation/items/assumptions/ASSUMP-L0-6.md
   /Volumes/Important_Docs/42/SEA-ME_Team6_2025-26/docs/TSF/tsf_implementation/items/assumptions/ASSUMP-L0-7.md
   /Volumes/Important_Docs/42/SEA-ME_Team6_2025-26/docs/TSF/tsf_implementation/items/assumptions/ASSUMP-L0-8.md
   /Volumes/Important_Docs/42/SEA-ME_Team6_2025-26/docs/TSF/tsf_implementation/items/assumptions/ASSUMP-L0-9.md
