Backing up items to /Volumes/Important_Docs/42/SEA-ME_Team6_2025-26/docs/TSF/tsf_implementation/backups/items_backup_20251129_024729.tar.gz
Backup created: /Volumes/Important_Docs/42/SEA-ME_Team6_2025-26/docs/TSF/tsf_implementation/backups/items_backup_20251129_024729.tar.gz
Initializing trudag DB in /Volumes/Important_Docs/42/SEA-ME_Team6_2025-26/docs/TSF
INFO: Created new dot database at .dotstop.dot
trudag DB initialised at /Volumes/Important_Docs/42/SEA-ME_Team6_2025-26/docs/TSF/.dotstop.dot
Creating item: ASSERTIONS-ASSERT_L0_1 from /Volumes/Important_Docs/42/SEA-ME_Team6_2025-26/docs/TSF/tsf_implementation/items/assertions/ASSERT-L0-1.md
Created: ASSERTIONS-ASSERT_L0_1
Creating item: ASSERTIONS-ASSERT_L0_10 from /Volumes/Important_Docs/42/SEA-ME_Team6_2025-26/docs/TSF/tsf_implementation/items/assertions/ASSERT-L0-10.md
Created: ASSERTIONS-ASSERT_L0_10
Creating item: ASSERTIONS-ASSERT_L0_11 from /Volumes/Important_Docs/42/SEA-ME_Team6_2025-26/docs/TSF/tsf_implementation/items/assertions/ASSERT-L0-11.md
Created: ASSERTIONS-ASSERT_L0_11
Creating item: ASSERTIONS-ASSERT_L0_12 from /Volumes/Important_Docs/42/SEA-ME_Team6_2025-26/docs/TSF/tsf_implementation/items/assertions/ASSERT-L0-12.md
Created: ASSERTIONS-ASSERT_L0_12
Creating item: ASSERTIONS-ASSERT_L0_13 from /Volumes/Important_Docs/42/SEA-ME_Team6_2025-26/docs/TSF/tsf_implementation/items/assertions/ASSERT-L0-13.md
Created: ASSERTIONS-ASSERT_L0_13
Creating item: ASSERTIONS-ASSERT_L0_14 from /Volumes/Important_Docs/42/SEA-ME_Team6_2025-26/docs/TSF/tsf_implementation/items/assertions/ASSERT-L0-14.md
Created: ASSERTIONS-ASSERT_L0_14
Creating item: ASSERTIONS-ASSERT_L0_15 from /Volumes/Important_Docs/42/SEA-ME_Team6_2025-26/docs/TSF/tsf_implementation/items/assertions/ASSERT-L0-15.md
Created: ASSERTIONS-ASSERT_L0_15
Creating item: ASSERTIONS-ASSERT_L0_16 from /Volumes/Important_Docs/42/SEA-ME_Team6_2025-26/docs/TSF/tsf_implementation/items/assertions/ASSERT-L0-16.md
Created: ASSERTIONS-ASSERT_L0_16
Creating item: ASSERTIONS-ASSERT_L0_17 from /Volumes/Important_Docs/42/SEA-ME_Team6_2025-26/docs/TSF/tsf_implementation/items/assertions/ASSERT-L0-17.md
Created: ASSERTIONS-ASSERT_L0_17
Creating item: ASSERTIONS-ASSERT_L0_2 from /Volumes/Important_Docs/42/SEA-ME_Team6_2025-26/docs/TSF/tsf_implementation/items/assertions/ASSERT-L0-2.md
Created: ASSERTIONS-ASSERT_L0_2
Creating item: ASSERTIONS-ASSERT_L0_3 from /Volumes/Important_Docs/42/SEA-ME_Team6_2025-26/docs/TSF/tsf_implementation/items/assertions/ASSERT-L0-3.md
Created: ASSERTIONS-ASSERT_L0_3
Creating item: ASSERTIONS-ASSERT_L0_4 from /Volumes/Important_Docs/42/SEA-ME_Team6_2025-26/docs/TSF/tsf_implementation/items/assertions/ASSERT-L0-4.md
Created: ASSERTIONS-ASSERT_L0_4
Creating item: ASSERTIONS-ASSERT_L0_5 from /Volumes/Important_Docs/42/SEA-ME_Team6_2025-26/docs/TSF/tsf_implementation/items/assertions/ASSERT-L0-5.md
Created: ASSERTIONS-ASSERT_L0_5
Creating item: ASSERTIONS-ASSERT_L0_6 from /Volumes/Important_Docs/42/SEA-ME_Team6_2025-26/docs/TSF/tsf_implementation/items/assertions/ASSERT-L0-6.md
Created: ASSERTIONS-ASSERT_L0_6
Creating item: ASSERTIONS-ASSERT_L0_7 from /Volumes/Important_Docs/42/SEA-ME_Team6_2025-26/docs/TSF/tsf_implementation/items/assertions/ASSERT-L0-7.md
Created: ASSERTIONS-ASSERT_L0_7
Creating item: ASSERTIONS-ASSERT_L0_8 from /Volumes/Important_Docs/42/SEA-ME_Team6_2025-26/docs/TSF/tsf_implementation/items/assertions/ASSERT-L0-8.md
Created: ASSERTIONS-ASSERT_L0_8
Creating item: ASSERTIONS-ASSERT_L0_9 from /Volumes/Important_Docs/42/SEA-ME_Team6_2025-26/docs/TSF/tsf_implementation/items/assertions/ASSERT-L0-9.md
Created: ASSERTIONS-ASSERT_L0_9
Creating item: ASSUMPTIONS-ASSUMP_L0_1 from /Volumes/Important_Docs/42/SEA-ME_Team6_2025-26/docs/TSF/tsf_implementation/items/assumptions/ASSUMP-L0-1.md
Created: ASSUMPTIONS-ASSUMP_L0_1
Creating item: ASSUMPTIONS-ASSUMP_L0_10 from /Volumes/Important_Docs/42/SEA-ME_Team6_2025-26/docs/TSF/tsf_implementation/items/assumptions/ASSUMP-L0-10.md
Created: ASSUMPTIONS-ASSUMP_L0_10
Creating item: ASSUMPTIONS-ASSUMP_L0_11 from /Volumes/Important_Docs/42/SEA-ME_Team6_2025-26/docs/TSF/tsf_implementation/items/assumptions/ASSUMP-L0-11.md
Created: ASSUMPTIONS-ASSUMP_L0_11
Creating item: ASSUMPTIONS-ASSUMP_L0_12 from /Volumes/Important_Docs/42/SEA-ME_Team6_2025-26/docs/TSF/tsf_implementation/items/assumptions/ASSUMP-L0-12.md
Created: ASSUMPTIONS-ASSUMP_L0_12
Creating item: ASSUMPTIONS-ASSUMP_L0_13 from /Volumes/Important_Docs/42/SEA-ME_Team6_2025-26/docs/TSF/tsf_implementation/items/assumptions/ASSUMP-L0-13.md
Created: ASSUMPTIONS-ASSUMP_L0_13
Creating item: ASSUMPTIONS-ASSUMP_L0_14 from /Volumes/Important_Docs/42/SEA-ME_Team6_2025-26/docs/TSF/tsf_implementation/items/assumptions/ASSUMP-L0-14.md
Created: ASSUMPTIONS-ASSUMP_L0_14
Creating item: ASSUMPTIONS-ASSUMP_L0_15 from /Volumes/Important_Docs/42/SEA-ME_Team6_2025-26/docs/TSF/tsf_implementation/items/assumptions/ASSUMP-L0-15.md
Created: ASSUMPTIONS-ASSUMP_L0_15
Creating item: ASSUMPTIONS-ASSUMP_L0_16 from /Volumes/Important_Docs/42/SEA-ME_Team6_2025-26/docs/TSF/tsf_implementation/items/assumptions/ASSUMP-L0-16.md
Created: ASSUMPTIONS-ASSUMP_L0_16
Creating item: ASSUMPTIONS-ASSUMP_L0_17 from /Volumes/Important_Docs/42/SEA-ME_Team6_2025-26/docs/TSF/tsf_implementation/items/assumptions/ASSUMP-L0-17.md
Created: ASSUMPTIONS-ASSUMP_L0_17
Creating item: ASSUMPTIONS-ASSUMP_L0_2 from /Volumes/Important_Docs/42/SEA-ME_Team6_2025-26/docs/TSF/tsf_implementation/items/assumptions/ASSUMP-L0-2.md
Created: ASSUMPTIONS-ASSUMP_L0_2
Creating item: ASSUMPTIONS-ASSUMP_L0_3 from /Volumes/Important_Docs/42/SEA-ME_Team6_2025-26/docs/TSF/tsf_implementation/items/assumptions/ASSUMP-L0-3.md
Created: ASSUMPTIONS-ASSUMP_L0_3
Creating item: ASSUMPTIONS-ASSUMP_L0_4 from /Volumes/Important_Docs/42/SEA-ME_Team6_2025-26/docs/TSF/tsf_implementation/items/assumptions/ASSUMP-L0-4.md
Created: ASSUMPTIONS-ASSUMP_L0_4
Creating item: ASSUMPTIONS-ASSUMP_L0_5 from /Volumes/Important_Docs/42/SEA-ME_Team6_2025-26/docs/TSF/tsf_implementation/items/assumptions/ASSUMP-L0-5.md
Created: ASSUMPTIONS-ASSUMP_L0_5
Creating item: ASSUMPTIONS-ASSUMP_L0_6 from /Volumes/Important_Docs/42/SEA-ME_Team6_2025-26/docs/TSF/tsf_implementation/items/assumptions/ASSUMP-L0-6.md
Created: ASSUMPTIONS-ASSUMP_L0_6
Creating item: ASSUMPTIONS-ASSUMP_L0_7 from /Volumes/Important_Docs/42/SEA-ME_Team6_2025-26/docs/TSF/tsf_implementation/items/assumptions/ASSUMP-L0-7.md
Created: ASSUMPTIONS-ASSUMP_L0_7
Creating item: ASSUMPTIONS-ASSUMP_L0_8 from /Volumes/Important_Docs/42/SEA-ME_Team6_2025-26/docs/TSF/tsf_implementation/items/assumptions/ASSUMP-L0-8.md
Created: ASSUMPTIONS-ASSUMP_L0_8
Creating item: ASSUMPTIONS-ASSUMP_L0_9 from /Volumes/Important_Docs/42/SEA-ME_Team6_2025-26/docs/TSF/tsf_implementation/items/assumptions/ASSUMP-L0-9.md
Created: ASSUMPTIONS-ASSUMP_L0_9
Creating item: EVIDENCES-EVID_L0_1 from /Volumes/Important_Docs/42/SEA-ME_Team6_2025-26/docs/TSF/tsf_implementation/items/evidences/EVID-L0-1.md
Created: EVIDENCES-EVID_L0_1
Creating item: EVIDENCES-EVID_L0_10 from /Volumes/Important_Docs/42/SEA-ME_Team6_2025-26/docs/TSF/tsf_implementation/items/evidences/EVID-L0-10.md
Created: EVIDENCES-EVID_L0_10
Creating item: EVIDENCES-EVID_L0_11 from /Volumes/Important_Docs/42/SEA-ME_Team6_2025-26/docs/TSF/tsf_implementation/items/evidences/EVID-L0-11.md
Created: EVIDENCES-EVID_L0_11
Creating item: EVIDENCES-EVID_L0_12 from /Volumes/Important_Docs/42/SEA-ME_Team6_2025-26/docs/TSF/tsf_implementation/items/evidences/EVID-L0-12.md
Created: EVIDENCES-EVID_L0_12
Creating item: EVIDENCES-EVID_L0_13 from /Volumes/Important_Docs/42/SEA-ME_Team6_2025-26/docs/TSF/tsf_implementation/items/evidences/EVID-L0-13.md
Created: EVIDENCES-EVID_L0_13
Creating item: EVIDENCES-EVID_L0_14 from /Volumes/Important_Docs/42/SEA-ME_Team6_2025-26/docs/TSF/tsf_implementation/items/evidences/EVID-L0-14.md
Created: EVIDENCES-EVID_L0_14
Creating item: EVIDENCES-EVID_L0_15 from /Volumes/Important_Docs/42/SEA-ME_Team6_2025-26/docs/TSF/tsf_implementation/items/evidences/EVID-L0-15.md
Created: EVIDENCES-EVID_L0_15
Creating item: EVIDENCES-EVID_L0_16 from /Volumes/Important_Docs/42/SEA-ME_Team6_2025-26/docs/TSF/tsf_implementation/items/evidences/EVID-L0-16.md
Created: EVIDENCES-EVID_L0_16
Creating item: EVIDENCES-EVID_L0_17 from /Volumes/Important_Docs/42/SEA-ME_Team6_2025-26/docs/TSF/tsf_implementation/items/evidences/EVID-L0-17.md
Created: EVIDENCES-EVID_L0_17
Creating item: EVIDENCES-EVID_L0_2 from /Volumes/Important_Docs/42/SEA-ME_Team6_2025-26/docs/TSF/tsf_implementation/items/evidences/EVID-L0-2.md
Created: EVIDENCES-EVID_L0_2
Creating item: EVIDENCES-EVID_L0_3 from /Volumes/Important_Docs/42/SEA-ME_Team6_2025-26/docs/TSF/tsf_implementation/items/evidences/EVID-L0-3.md
Created: EVIDENCES-EVID_L0_3
Creating item: EVIDENCES-EVID_L0_4 from /Volumes/Important_Docs/42/SEA-ME_Team6_2025-26/docs/TSF/tsf_implementation/items/evidences/EVID-L0-4.md
Created: EVIDENCES-EVID_L0_4
Creating item: EVIDENCES-EVID_L0_5 from /Volumes/Important_Docs/42/SEA-ME_Team6_2025-26/docs/TSF/tsf_implementation/items/evidences/EVID-L0-5.md
Created: EVIDENCES-EVID_L0_5
Creating item: EVIDENCES-EVID_L0_6 from /Volumes/Important_Docs/42/SEA-ME_Team6_2025-26/docs/TSF/tsf_implementation/items/evidences/EVID-L0-6.md
Created: EVIDENCES-EVID_L0_6
Creating item: EVIDENCES-EVID_L0_7 from /Volumes/Important_Docs/42/SEA-ME_Team6_2025-26/docs/TSF/tsf_implementation/items/evidences/EVID-L0-7.md
Created: EVIDENCES-EVID_L0_7
Creating item: EVIDENCES-EVID_L0_8 from /Volumes/Important_Docs/42/SEA-ME_Team6_2025-26/docs/TSF/tsf_implementation/items/evidences/EVID-L0-8.md
Created: EVIDENCES-EVID_L0_8
Creating item: EVIDENCES-EVID_L0_9 from /Volumes/Important_Docs/42/SEA-ME_Team6_2025-26/docs/TSF/tsf_implementation/items/evidences/EVID-L0-9.md
Created: EVIDENCES-EVID_L0_9
Creating item: EXPECTATIONS-EXPECT_L0_1 from /Volumes/Important_Docs/42/SEA-ME_Team6_2025-26/docs/TSF/tsf_implementation/items/expectations/EXPECT-L0-1.md
Created: EXPECTATIONS-EXPECT_L0_1
Creating item: EXPECTATIONS-EXPECT_L0_10 from /Volumes/Important_Docs/42/SEA-ME_Team6_2025-26/docs/TSF/tsf_implementation/items/expectations/EXPECT-L0-10.md
Created: EXPECTATIONS-EXPECT_L0_10
Creating item: EXPECTATIONS-EXPECT_L0_11 from /Volumes/Important_Docs/42/SEA-ME_Team6_2025-26/docs/TSF/tsf_implementation/items/expectations/EXPECT-L0-11.md
Created: EXPECTATIONS-EXPECT_L0_11
Creating item: EXPECTATIONS-EXPECT_L0_12 from /Volumes/Important_Docs/42/SEA-ME_Team6_2025-26/docs/TSF/tsf_implementation/items/expectations/EXPECT-L0-12.md
Created: EXPECTATIONS-EXPECT_L0_12
Creating item: EXPECTATIONS-EXPECT_L0_13 from /Volumes/Important_Docs/42/SEA-ME_Team6_2025-26/docs/TSF/tsf_implementation/items/expectations/EXPECT-L0-13.md
Created: EXPECTATIONS-EXPECT_L0_13
Creating item: EXPECTATIONS-EXPECT_L0_14 from /Volumes/Important_Docs/42/SEA-ME_Team6_2025-26/docs/TSF/tsf_implementation/items/expectations/EXPECT-L0-14.md
Created: EXPECTATIONS-EXPECT_L0_14
Creating item: EXPECTATIONS-EXPECT_L0_15 from /Volumes/Important_Docs/42/SEA-ME_Team6_2025-26/docs/TSF/tsf_implementation/items/expectations/EXPECT-L0-15.md
Created: EXPECTATIONS-EXPECT_L0_15
Creating item: EXPECTATIONS-EXPECT_L0_16 from /Volumes/Important_Docs/42/SEA-ME_Team6_2025-26/docs/TSF/tsf_implementation/items/expectations/EXPECT-L0-16.md
Created: EXPECTATIONS-EXPECT_L0_16
Creating item: EXPECTATIONS-EXPECT_L0_17 from /Volumes/Important_Docs/42/SEA-ME_Team6_2025-26/docs/TSF/tsf_implementation/items/expectations/EXPECT-L0-17.md
Created: EXPECTATIONS-EXPECT_L0_17
Creating item: EXPECTATIONS-EXPECT_L0_2 from /Volumes/Important_Docs/42/SEA-ME_Team6_2025-26/docs/TSF/tsf_implementation/items/expectations/EXPECT-L0-2.md
Created: EXPECTATIONS-EXPECT_L0_2
Creating item: EXPECTATIONS-EXPECT_L0_3 from /Volumes/Important_Docs/42/SEA-ME_Team6_2025-26/docs/TSF/tsf_implementation/items/expectations/EXPECT-L0-3.md
Created: EXPECTATIONS-EXPECT_L0_3
Creating item: EXPECTATIONS-EXPECT_L0_4 from /Volumes/Important_Docs/42/SEA-ME_Team6_2025-26/docs/TSF/tsf_implementation/items/expectations/EXPECT-L0-4.md
Created: EXPECTATIONS-EXPECT_L0_4
Creating item: EXPECTATIONS-EXPECT_L0_5 from /Volumes/Important_Docs/42/SEA-ME_Team6_2025-26/docs/TSF/tsf_implementation/items/expectations/EXPECT-L0-5.md
Created: EXPECTATIONS-EXPECT_L0_5
Creating item: EXPECTATIONS-EXPECT_L0_6 from /Volumes/Important_Docs/42/SEA-ME_Team6_2025-26/docs/TSF/tsf_implementation/items/expectations/EXPECT-L0-6.md
Created: EXPECTATIONS-EXPECT_L0_6
Creating item: EXPECTATIONS-EXPECT_L0_7 from /Volumes/Important_Docs/42/SEA-ME_Team6_2025-26/docs/TSF/tsf_implementation/items/expectations/EXPECT-L0-7.md
Created: EXPECTATIONS-EXPECT_L0_7
Creating item: EXPECTATIONS-EXPECT_L0_8 from /Volumes/Important_Docs/42/SEA-ME_Team6_2025-26/docs/TSF/tsf_implementation/items/expectations/EXPECT-L0-8.md
Created: EXPECTATIONS-EXPECT_L0_8
Creating item: EXPECTATIONS-EXPECT_L0_9 from /Volumes/Important_Docs/42/SEA-ME_Team6_2025-26/docs/TSF/tsf_implementation/items/expectations/EXPECT-L0-9.md
Created: EXPECTATIONS-EXPECT_L0_9
Create summary: created=68 failed=0
Applying links from graph
Creating link: EXPECTATIONS-EXPECT_L0_1 -> ASSERTIONS-ASSERT_L0_1
Linked: EXPECTATIONS-EXPECT_L0_1 -> ASSERTIONS-ASSERT_L0_1
Creating link: ASSERTIONS-ASSERT_L0_1 -> EVIDENCES-EVID_L0_1
Linked: ASSERTIONS-ASSERT_L0_1 -> EVIDENCES-EVID_L0_1
Creating link: EXPECTATIONS-EXPECT_L0_1 -> ASSUMPTIONS-ASSUMP_L0_1
Linked: EXPECTATIONS-EXPECT_L0_1 -> ASSUMPTIONS-ASSUMP_L0_1
Creating link: EXPECTATIONS-EXPECT_L0_10 -> ASSERTIONS-ASSERT_L0_10
Linked: EXPECTATIONS-EXPECT_L0_10 -> ASSERTIONS-ASSERT_L0_10
Creating link: ASSERTIONS-ASSERT_L0_10 -> EVIDENCES-EVID_L0_10
Linked: ASSERTIONS-ASSERT_L0_10 -> EVIDENCES-EVID_L0_10
Creating link: EXPECTATIONS-EXPECT_L0_10 -> ASSUMPTIONS-ASSUMP_L0_10
Linked: EXPECTATIONS-EXPECT_L0_10 -> ASSUMPTIONS-ASSUMP_L0_10
Creating link: EXPECTATIONS-EXPECT_L0_11 -> ASSERTIONS-ASSERT_L0_11
Linked: EXPECTATIONS-EXPECT_L0_11 -> ASSERTIONS-ASSERT_L0_11
Creating link: ASSERTIONS-ASSERT_L0_11 -> EVIDENCES-EVID_L0_11
Linked: ASSERTIONS-ASSERT_L0_11 -> EVIDENCES-EVID_L0_11
Creating link: EXPECTATIONS-EXPECT_L0_11 -> ASSUMPTIONS-ASSUMP_L0_11
Linked: EXPECTATIONS-EXPECT_L0_11 -> ASSUMPTIONS-ASSUMP_L0_11
Creating link: EXPECTATIONS-EXPECT_L0_12 -> ASSERTIONS-ASSERT_L0_12
Linked: EXPECTATIONS-EXPECT_L0_12 -> ASSERTIONS-ASSERT_L0_12
Creating link: ASSERTIONS-ASSERT_L0_12 -> EVIDENCES-EVID_L0_12
Linked: ASSERTIONS-ASSERT_L0_12 -> EVIDENCES-EVID_L0_12
Creating link: EXPECTATIONS-EXPECT_L0_12 -> ASSUMPTIONS-ASSUMP_L0_12
Linked: EXPECTATIONS-EXPECT_L0_12 -> ASSUMPTIONS-ASSUMP_L0_12
Creating link: EXPECTATIONS-EXPECT_L0_13 -> ASSERTIONS-ASSERT_L0_13
Linked: EXPECTATIONS-EXPECT_L0_13 -> ASSERTIONS-ASSERT_L0_13
Creating link: ASSERTIONS-ASSERT_L0_13 -> EVIDENCES-EVID_L0_13
Linked: ASSERTIONS-ASSERT_L0_13 -> EVIDENCES-EVID_L0_13
Creating link: EXPECTATIONS-EXPECT_L0_13 -> ASSUMPTIONS-ASSUMP_L0_13
Linked: EXPECTATIONS-EXPECT_L0_13 -> ASSUMPTIONS-ASSUMP_L0_13
Creating link: EXPECTATIONS-EXPECT_L0_14 -> ASSERTIONS-ASSERT_L0_14
Linked: EXPECTATIONS-EXPECT_L0_14 -> ASSERTIONS-ASSERT_L0_14
Creating link: ASSERTIONS-ASSERT_L0_14 -> EVIDENCES-EVID_L0_14
Linked: ASSERTIONS-ASSERT_L0_14 -> EVIDENCES-EVID_L0_14
Creating link: EXPECTATIONS-EXPECT_L0_14 -> ASSUMPTIONS-ASSUMP_L0_14
Linked: EXPECTATIONS-EXPECT_L0_14 -> ASSUMPTIONS-ASSUMP_L0_14
Creating link: EXPECTATIONS-EXPECT_L0_15 -> ASSERTIONS-ASSERT_L0_15
Linked: EXPECTATIONS-EXPECT_L0_15 -> ASSERTIONS-ASSERT_L0_15
Creating link: ASSERTIONS-ASSERT_L0_15 -> EVIDENCES-EVID_L0_15
Linked: ASSERTIONS-ASSERT_L0_15 -> EVIDENCES-EVID_L0_15
Creating link: EXPECTATIONS-EXPECT_L0_15 -> ASSUMPTIONS-ASSUMP_L0_15
Linked: EXPECTATIONS-EXPECT_L0_15 -> ASSUMPTIONS-ASSUMP_L0_15
Creating link: EXPECTATIONS-EXPECT_L0_16 -> ASSERTIONS-ASSERT_L0_16
Linked: EXPECTATIONS-EXPECT_L0_16 -> ASSERTIONS-ASSERT_L0_16
Creating link: ASSERTIONS-ASSERT_L0_16 -> EVIDENCES-EVID_L0_16
Linked: ASSERTIONS-ASSERT_L0_16 -> EVIDENCES-EVID_L0_16
Creating link: EXPECTATIONS-EXPECT_L0_16 -> ASSUMPTIONS-ASSUMP_L0_16
Linked: EXPECTATIONS-EXPECT_L0_16 -> ASSUMPTIONS-ASSUMP_L0_16
Creating link: EXPECTATIONS-EXPECT_L0_17 -> ASSERTIONS-ASSERT_L0_17
Linked: EXPECTATIONS-EXPECT_L0_17 -> ASSERTIONS-ASSERT_L0_17
Creating link: ASSERTIONS-ASSERT_L0_17 -> EVIDENCES-EVID_L0_17
Linked: ASSERTIONS-ASSERT_L0_17 -> EVIDENCES-EVID_L0_17
Creating link: EXPECTATIONS-EXPECT_L0_17 -> ASSUMPTIONS-ASSUMP_L0_17
Linked: EXPECTATIONS-EXPECT_L0_17 -> ASSUMPTIONS-ASSUMP_L0_17
Creating link: EXPECTATIONS-EXPECT_L0_2 -> ASSERTIONS-ASSERT_L0_2
Linked: EXPECTATIONS-EXPECT_L0_2 -> ASSERTIONS-ASSERT_L0_2
Creating link: ASSERTIONS-ASSERT_L0_2 -> EVIDENCES-EVID_L0_2
Linked: ASSERTIONS-ASSERT_L0_2 -> EVIDENCES-EVID_L0_2
Creating link: EXPECTATIONS-EXPECT_L0_2 -> ASSUMPTIONS-ASSUMP_L0_2
Linked: EXPECTATIONS-EXPECT_L0_2 -> ASSUMPTIONS-ASSUMP_L0_2
Creating link: EXPECTATIONS-EXPECT_L0_3 -> ASSERTIONS-ASSERT_L0_3
Linked: EXPECTATIONS-EXPECT_L0_3 -> ASSERTIONS-ASSERT_L0_3
Creating link: ASSERTIONS-ASSERT_L0_3 -> EVIDENCES-EVID_L0_3
Linked: ASSERTIONS-ASSERT_L0_3 -> EVIDENCES-EVID_L0_3
Creating link: EXPECTATIONS-EXPECT_L0_3 -> ASSUMPTIONS-ASSUMP_L0_3
Linked: EXPECTATIONS-EXPECT_L0_3 -> ASSUMPTIONS-ASSUMP_L0_3
Creating link: EXPECTATIONS-EXPECT_L0_4 -> ASSERTIONS-ASSERT_L0_4
Linked: EXPECTATIONS-EXPECT_L0_4 -> ASSERTIONS-ASSERT_L0_4
Creating link: ASSERTIONS-ASSERT_L0_4 -> EVIDENCES-EVID_L0_4
Linked: ASSERTIONS-ASSERT_L0_4 -> EVIDENCES-EVID_L0_4
Creating link: EXPECTATIONS-EXPECT_L0_4 -> ASSUMPTIONS-ASSUMP_L0_4
Linked: EXPECTATIONS-EXPECT_L0_4 -> ASSUMPTIONS-ASSUMP_L0_4
Creating link: EXPECTATIONS-EXPECT_L0_5 -> ASSERTIONS-ASSERT_L0_5
Linked: EXPECTATIONS-EXPECT_L0_5 -> ASSERTIONS-ASSERT_L0_5
Creating link: ASSERTIONS-ASSERT_L0_5 -> EVIDENCES-EVID_L0_5
Linked: ASSERTIONS-ASSERT_L0_5 -> EVIDENCES-EVID_L0_5
Creating link: EXPECTATIONS-EXPECT_L0_5 -> ASSUMPTIONS-ASSUMP_L0_5
Linked: EXPECTATIONS-EXPECT_L0_5 -> ASSUMPTIONS-ASSUMP_L0_5
Creating link: EXPECTATIONS-EXPECT_L0_6 -> ASSERTIONS-ASSERT_L0_6
Linked: EXPECTATIONS-EXPECT_L0_6 -> ASSERTIONS-ASSERT_L0_6
Creating link: ASSERTIONS-ASSERT_L0_6 -> EVIDENCES-EVID_L0_6
Linked: ASSERTIONS-ASSERT_L0_6 -> EVIDENCES-EVID_L0_6
Creating link: EXPECTATIONS-EXPECT_L0_6 -> ASSUMPTIONS-ASSUMP_L0_6
Linked: EXPECTATIONS-EXPECT_L0_6 -> ASSUMPTIONS-ASSUMP_L0_6
Creating link: EXPECTATIONS-EXPECT_L0_7 -> ASSERTIONS-ASSERT_L0_7
Linked: EXPECTATIONS-EXPECT_L0_7 -> ASSERTIONS-ASSERT_L0_7
Creating link: ASSERTIONS-ASSERT_L0_7 -> EVIDENCES-EVID_L0_7
Linked: ASSERTIONS-ASSERT_L0_7 -> EVIDENCES-EVID_L0_7
Creating link: EXPECTATIONS-EXPECT_L0_7 -> ASSUMPTIONS-ASSUMP_L0_7
Linked: EXPECTATIONS-EXPECT_L0_7 -> ASSUMPTIONS-ASSUMP_L0_7
Creating link: EXPECTATIONS-EXPECT_L0_8 -> ASSERTIONS-ASSERT_L0_8
Linked: EXPECTATIONS-EXPECT_L0_8 -> ASSERTIONS-ASSERT_L0_8
Creating link: ASSERTIONS-ASSERT_L0_8 -> EVIDENCES-EVID_L0_8
Linked: ASSERTIONS-ASSERT_L0_8 -> EVIDENCES-EVID_L0_8
Creating link: EXPECTATIONS-EXPECT_L0_8 -> ASSUMPTIONS-ASSUMP_L0_8
Linked: EXPECTATIONS-EXPECT_L0_8 -> ASSUMPTIONS-ASSUMP_L0_8
Creating link: EXPECTATIONS-EXPECT_L0_9 -> ASSERTIONS-ASSERT_L0_9
Linked: EXPECTATIONS-EXPECT_L0_9 -> ASSERTIONS-ASSERT_L0_9
Creating link: ASSERTIONS-ASSERT_L0_9 -> EVIDENCES-EVID_L0_9
Linked: ASSERTIONS-ASSERT_L0_9 -> EVIDENCES-EVID_L0_9
Creating link: EXPECTATIONS-EXPECT_L0_9 -> ASSUMPTIONS-ASSUMP_L0_9
Linked: EXPECTATIONS-EXPECT_L0_9 -> ASSUMPTIONS-ASSUMP_L0_9
Running: trudag manage lint
All done. Backup: /Volumes/Important_Docs/42/SEA-ME_Team6_2025-26/docs/TSF/tsf_implementation/backups/items_backup_20251129_024729.tar.gz. Created: 68 failed: 0
